生成启动时间为 2022/6/27 13:59:51。
     1>项目“D:\大四下\C++\VS2015\MFCApplication10.2\Using\Using.vcxproj”在节点 2 上(Build 个目标)。
     1>ClCompile:
         D:\VC2015\VC\bin\CL.exe /c /I..\W32D /I..\Lib0 /ZI /nologo /W3 /WX- /sdl /Od /Oy- /D WIN32 /D _WINDOWS /D _DEBUG /D _UNICODE /D UNICODE /D _AFXDLL /Gm /EHsc /RTC1 /MDd /GS /fp:precise /Zc:wchar_t /Zc:forScope /Zc:inline /Yc"stdafx.h" /Fp"Debug\Using.pch" /Fo"Debug\\" /Fd"Debug\vc140.pdb" /Gd /TP /analyze- /errorReport:prompt stdafx.cpp
         stdafx.cpp
         D:\VC2015\VC\bin\CL.exe /c /I..\W32D /I..\Lib0 /ZI /nologo /W3 /WX- /sdl /Od /Oy- /D WIN32 /D _WINDOWS /D _DEBUG /D _UNICODE /D UNICODE /D _AFXDLL /Gm /EHsc /RTC1 /MDd /GS /fp:precise /Zc:wchar_t /Zc:forScope /Zc:inline /Yu"stdafx.h" /Fp"Debug\Using.pch" /Fo"Debug\\" /Fd"Debug\vc140.pdb" /Gd /TP /analyze- /errorReport:prompt MainFrm.cpp Using.cpp UsingDoc.cpp UsingView.cpp
         UsingView.cpp
         UsingDoc.cpp
         Using.cpp
         MainFrm.cpp
         正在生成代码...
       ResourceCompile:
         C:\Program Files (x86)\Windows Kits\8.1\bin\x86\rc.exe /D _DEBUG /D _UNICODE /D UNICODE /D _AFXDLL /l"0x0804" /IDebug\ /nologo /fo"Debug\Using.res" Using.rc 
       Link:
         D:\VC2015\VC\bin\link.exe /ERRORREPORT:PROMPT /OUT:"D:\大四下\C++\VS2015\MFCApplication10.2\Debug\Using.exe" /INCREMENTAL /NOLOGO /LIBPATH:..\Debug Lib0.lib W32D.lib /MANIFEST /MANIFESTUAC:"level='asInvoker' uiAccess='false'" /manifest:embed /manifestinput:D:\VC2015\VC\Include\Manifest\dpiaware.manifest /Debug /PDB:"D:\大四下\C++\VS2015\MFCApplication10.2\Debug\Using.pdb" /SUBSYSTEM:WINDOWS /TLBID:1 /ENTRY:"wWinMainCRTStartup" /DYNAMICBASE /NXCOMPAT /IMPLIB:"D:\大四下\C++\VS2015\MFCApplication10.2\Debug\Using.lib" /MACHINE:X86 Debug\Using.res
         Debug\MainFrm.obj
         Debug\stdafx.obj
         Debug\Using.obj
         Debug\UsingDoc.obj
         Debug\UsingView.obj
         Using.vcxproj -> D:\大四下\C++\VS2015\MFCApplication10.2\Debug\Using.exe
     1>已完成生成项目“D:\大四下\C++\VS2015\MFCApplication10.2\Using\Using.vcxproj”(Build 个目标)的操作。

已成功生成。

已用时间 00:00:04.14
