生成启动时间为 2022/6/28 22:48:52。
     1>项目“D:\大四下\C++\VS2015\MFCApplication2\MFCApplication2\MFCApplication2.vcxproj”在节点 2 上(Build 个目标)。
     1>ClCompile:
         D:\VC2015\VC\bin\CL.exe /c /ZI /nologo /W3 /WX- /sdl /Od /Oy- /D WIN32 /D _WINDOWS /D _DEBUG /D _UNICODE /D UNICODE /D _AFXDLL /Gm /EHsc /RTC1 /MDd /GS /fp:precise /Zc:wchar_t /Zc:forScope /Zc:inline /Yc"stdafx.h" /Fp"Debug\MFCApplication2.pch" /Fo"Debug\\" /Fd"Debug\vc140.pdb" /Gd /TP /analyze- /errorReport:prompt stdafx.cpp
         stdafx.cpp
         D:\VC2015\VC\bin\CL.exe /c /ZI /nologo /W3 /WX- /sdl /Od /Oy- /D WIN32 /D _WINDOWS /D _DEBUG /D _UNICODE /D UNICODE /D _AFXDLL /Gm /EHsc /RTC1 /MDd /GS /fp:precise /Zc:wchar_t /Zc:forScope /Zc:inline /Yu"stdafx.h" /Fp"Debug\MFCApplication2.pch" /Fo"Debug\\" /Fd"Debug\vc140.pdb" /Gd /TP /analyze- /errorReport:prompt MainFrm.cpp MFCApplication2.cpp MFCApplication2Doc.cpp MFCApplication2View.cpp
         MFCApplication2View.cpp
         MFCApplication2Doc.cpp
         MFCApplication2.cpp
         MainFrm.cpp
         正在生成代码...
       ResourceCompile:
         C:\Program Files (x86)\Windows Kits\8.1\bin\x86\rc.exe /D _DEBUG /D _UNICODE /D UNICODE /D _AFXDLL /l"0x0804" /IDebug\ /nologo /fo"Debug\MFCApplication2.res" MFCApplication2.rc 
       Link:
         D:\VC2015\VC\bin\link.exe /ERRORREPORT:PROMPT /OUT:"D:\大四下\C++\VS2015\MFCApplication2\Debug\MFCApplication2.exe" /INCREMENTAL /NOLOGO /MANIFEST /MANIFESTUAC:"level='asInvoker' uiAccess='false'" /manifest:embed /manifestinput:D:\VC2015\VC\Include\Manifest\dpiaware.manifest /Debug /PDB:"D:\大四下\C++\VS2015\MFCApplication2\Debug\MFCApplication2.pdb" /SUBSYSTEM:WINDOWS /TLBID:1 /ENTRY:"wWinMainCRTStartup" /DYNAMICBASE /NXCOMPAT /IMPLIB:"D:\大四下\C++\VS2015\MFCApplication2\Debug\MFCApplication2.lib" /MACHINE:X86 Debug\MFCApplication2.res
         Debug\MainFrm.obj
         Debug\MFCApplication2.obj
         Debug\MFCApplication2Doc.obj
         Debug\MFCApplication2View.obj
         Debug\stdafx.obj
         MFCApplication2.vcxproj -> D:\大四下\C++\VS2015\MFCApplication2\Debug\MFCApplication2.exe
     1>已完成生成项目“D:\大四下\C++\VS2015\MFCApplication2\MFCApplication2\MFCApplication2.vcxproj”(Build 个目标)的操作。

已成功生成。

已用时间 00:00:04.44
